-- The C compiler identification is GNU 11.4.0
-- The CXX compiler identification is GNU 11.4.0
-- Detecting C compiler ABI info
-- Detecting C compiler ABI info - done
-- Check for working C compiler: /usr/bin/cc - skipped
-- Detecting C compile features
-- Detecting C compile features - done
-- Detecting CXX compiler ABI info
-- Detecting CXX compiler ABI info - done
-- Check for working CXX compiler: /usr/bin/c++ - skipped
-- Detecting CXX compile features
-- Detecting CXX compile features - done
-- Found ament_cmake: 2.0.3 (/opt/ros/iron/share/ament_cmake/cmake)
-- Found Python3: /usr/bin/python3.10 (found version "3.10.12") found components: Interpreter 
-- Found ament_lint_auto: 0.14.2 (/opt/ros/iron/share/ament_lint_auto/cmake)
-- Added test 'flake8' to check Python code syntax and style conventions
-- Configured 'flake8' exclude dirs and/or files: 
-- Added test 'lint_cmake' to check CMake code style
-- Added test 'pep257' to check Python code against some of the docstring style conventions in PEP 257
-- Added test 'xmllint' to check XML markup files
-- Configuring done
-- Generating done
-- Build files have been written to: /home/bot/mb6-space/Robot1/build/tutos
-- Install configuration: ""
-- Installing: /home/bot/mb6-space/Robot1/install/tutos/share/ament_index/resource_index/package_run_dependencies/tutos
-- Installing: /home/bot/mb6-space/Robot1/install/tutos/share/ament_index/resource_index/parent_prefix_path/tutos
-- Installing: /home/bot/mb6-space/Robot1/install/tutos/share/tutos/environment/ament_prefix_path.sh
-- Installing: /home/bot/mb6-space/Robot1/install/tutos/share/tutos/environment/ament_prefix_path.dsv
-- Installing: /home/bot/mb6-space/Robot1/install/tutos/share/tutos/environment/path.sh
-- Installing: /home/bot/mb6-space/Robot1/install/tutos/share/tutos/environment/path.dsv
-- Installing: /home/bot/mb6-space/Robot1/install/tutos/share/tutos/local_setup.bash
-- Installing: /home/bot/mb6-space/Robot1/install/tutos/share/tutos/local_setup.sh
-- Installing: /home/bot/mb6-space/Robot1/install/tutos/share/tutos/local_setup.zsh
-- Installing: /home/bot/mb6-space/Robot1/install/tutos/share/tutos/local_setup.dsv
-- Installing: /home/bot/mb6-space/Robot1/install/tutos/share/tutos/package.dsv
-- Installing: /home/bot/mb6-space/Robot1/install/tutos/share/ament_index/resource_index/packages/tutos
-- Installing: /home/bot/mb6-space/Robot1/install/tutos/share/tutos/cmake/tutosConfig.cmake
-- Installing: /home/bot/mb6-space/Robot1/install/tutos/share/tutos/cmake/tutosConfig-version.cmake
-- Installing: /home/bot/mb6-space/Robot1/install/tutos/share/tutos/package.xml
