[1.209s] Invoking command in '/home/bot/mb6-space/Robot1/build/tutos': CMAKE_PREFIX_PATH=${CMAKE_PREFIX_PATH}:/opt/ros/iron /usr/bin/cmake /home/bot/mb6-space/Robot1/tutos -DCMAKE_INSTALL_PREFIX=/home/bot/mb6-space/Robot1/install/tutos
[2.310s] -- The C compiler identification is GNU 11.4.0
[3.334s] -- The CXX compiler identification is GNU 11.4.0
[3.508s] -- Detecting C compiler ABI info
[4.426s] -- Detecting C compiler ABI info - done
[4.578s] -- Check for working C compiler: /usr/bin/cc - skipped
[4.581s] -- Detecting C compile features
[4.589s] -- Detecting C compile features - done
[4.643s] -- Detecting CXX compiler ABI info
[5.859s] -- Detecting CXX compiler ABI info - done
[5.962s] -- Check for working CXX compiler: /usr/bin/c++ - skipped
[5.965s] -- Detecting CXX compile features
[5.972s] -- Detecting CXX compile features - done
[6.027s] -- Found ament_cmake: 2.0.3 (/opt/ros/iron/share/ament_cmake/cmake)
[8.017s] -- Found Python3: /usr/bin/python3.10 (found version "3.10.12") found components: Interpreter 
[9.495s] -- Found ament_lint_auto: 0.14.2 (/opt/ros/iron/share/ament_lint_auto/cmake)
[10.664s] -- Added test 'flake8' to check Python code syntax and style conventions
[10.664s] -- Configured 'flake8' exclude dirs and/or files: 
[10.671s] -- Added test 'lint_cmake' to check CMake code style
[10.675s] -- Added test 'pep257' to check Python code against some of the docstring style conventions in PEP 257
[10.687s] -- Added test 'xmllint' to check XML markup files
[10.695s] -- Configuring done
[10.754s] -- Generating done
[10.754s] -- Build files have been written to: /home/bot/mb6-space/Robot1/build/tutos
[10.780s] Invoked command in '/home/bot/mb6-space/Robot1/build/tutos' returned '0': CMAKE_PREFIX_PATH=${CMAKE_PREFIX_PATH}:/opt/ros/iron /usr/bin/cmake /home/bot/mb6-space/Robot1/tutos -DCMAKE_INSTALL_PREFIX=/home/bot/mb6-space/Robot1/install/tutos
[10.818s] Invoking command in '/home/bot/mb6-space/Robot1/build/tutos': CMAKE_PREFIX_PATH=${CMAKE_PREFIX_PATH}:/opt/ros/iron /usr/bin/cmake --build /home/bot/mb6-space/Robot1/build/tutos -- -j4 -l4
[11.250s] Invoked command in '/home/bot/mb6-space/Robot1/build/tutos' returned '0': CMAKE_PREFIX_PATH=${CMAKE_PREFIX_PATH}:/opt/ros/iron /usr/bin/cmake --build /home/bot/mb6-space/Robot1/build/tutos -- -j4 -l4
[11.640s] Invoking command in '/home/bot/mb6-space/Robot1/build/tutos': CMAKE_PREFIX_PATH=${CMAKE_PREFIX_PATH}:/opt/ros/iron /usr/bin/cmake --install /home/bot/mb6-space/Robot1/build/tutos
[11.744s] -- Install configuration: ""
[11.744s] -- Installing: /home/bot/mb6-space/Robot1/install/tutos/share/ament_index/resource_index/package_run_dependencies/tutos
[11.744s] -- Installing: /home/bot/mb6-space/Robot1/install/tutos/share/ament_index/resource_index/parent_prefix_path/tutos
[11.745s] -- Installing: /home/bot/mb6-space/Robot1/install/tutos/share/tutos/environment/ament_prefix_path.sh
[11.745s] -- Installing: /home/bot/mb6-space/Robot1/install/tutos/share/tutos/environment/ament_prefix_path.dsv
[11.746s] -- Installing: /home/bot/mb6-space/Robot1/install/tutos/share/tutos/environment/path.sh
[11.747s] -- Installing: /home/bot/mb6-space/Robot1/install/tutos/share/tutos/environment/path.dsv
[11.756s] -- Installing: /home/bot/mb6-space/Robot1/install/tutos/share/tutos/local_setup.bash
[11.756s] -- Installing: /home/bot/mb6-space/Robot1/install/tutos/share/tutos/local_setup.sh
[11.757s] -- Installing: /home/bot/mb6-space/Robot1/install/tutos/share/tutos/local_setup.zsh
[11.757s] -- Installing: /home/bot/mb6-space/Robot1/install/tutos/share/tutos/local_setup.dsv
[11.758s] -- Installing: /home/bot/mb6-space/Robot1/install/tutos/share/tutos/package.dsv
[11.758s] -- Installing: /home/bot/mb6-space/Robot1/install/tutos/share/ament_index/resource_index/packages/tutos
[11.761s] -- Installing: /home/bot/mb6-space/Robot1/install/tutos/share/tutos/cmake/tutosConfig.cmake
[11.761s] -- Installing: /home/bot/mb6-space/Robot1/install/tutos/share/tutos/cmake/tutosConfig-version.cmake
[11.762s] -- Installing: /home/bot/mb6-space/Robot1/install/tutos/share/tutos/package.xml
[12.448s] Invoked command in '/home/bot/mb6-space/Robot1/build/tutos' returned '0': CMAKE_PREFIX_PATH=${CMAKE_PREFIX_PATH}:/opt/ros/iron /usr/bin/cmake --install /home/bot/mb6-space/Robot1/build/tutos
