[14.122s] DEBUG:colcon:Command line arguments: ['/usr/bin/colcon', 'build']
[14.122s] DEBUG:colcon:Parsed command line arguments: Namespace(log_base=None, log_level=None, verb_name='build', build_base='build', install_base='install', merge_install=False, symlink_install=False, test_result_base=None, continue_on_error=False, executor='parallel', parallel_workers=4, event_handlers=None, ignore_user_meta=False, metas=['./colcon.meta'], base_paths=['.'], packages_ignore=None, packages_ignore_regex=None, paths=None, packages_up_to=None, packages_up_to_regex=None, packages_above=None, packages_above_and_dependencies=None, packages_above_depth=None, packages_select_by_dep=None, packages_skip_by_dep=None, packages_skip_up_to=None, packages_select_build_failed=False, packages_skip_build_finished=False, packages_select_test_failures=False, packages_skip_test_passed=False, packages_select=None, packages_skip=None, packages_select_regex=None, packages_skip_regex=None, packages_start=None, packages_end=None, allow_overriding=[], cmake_args=None, cmake_target=None, cmake_target_skip_unavailable=False, cmake_clean_cache=False, cmake_clean_first=False, cmake_force_configure=False, ament_cmake_args=None, catkin_cmake_args=None, catkin_skip_building_tests=False, verb_parser=<colcon_defaults.argument_parser.defaults.DefaultArgumentsDecorator object at 0x7fe7f9a6fe50>, verb_extension=<colcon_core.verb.build.BuildVerb object at 0x7fe7f9a6c130>, main=<bound method BuildVerb.main of <colcon_core.verb.build.BuildVerb object at 0x7fe7f9a6c130>>)
[14.704s] Level 1:colcon.colcon_core.package_discovery:discover_packages(colcon_meta) check parameters
[14.706s] Level 1:colcon.colcon_core.package_discovery:discover_packages(recursive) check parameters
[14.707s] Level 1:colcon.colcon_core.package_discovery:discover_packages(ignore) check parameters
[14.708s] Level 1:colcon.colcon_core.package_discovery:discover_packages(path) check parameters
[14.708s] Level 1:colcon.colcon_core.package_discovery:discover_packages(colcon_meta) discover
[14.709s] Level 1:colcon.colcon_core.package_discovery:discover_packages(recursive) discover
[14.710s] INFO:colcon.colcon_core.package_discovery:Crawling recursively for packages in '/home/bot/mb6-space/Robot1'
[14.712s] Level 1:colcon.colcon_core.package_identification:_identify(.) by extensions ['ignore', 'ignore_ament_install']
[14.715s] Level 1:colcon.colcon_core.package_identification:_identify(.) by extension 'ignore'
[14.715s] Level 1:colcon.colcon_core.package_identification:_identify(.) by extension 'ignore_ament_install'
[14.716s] Level 1:colcon.colcon_core.package_identification:_identify(.) by extensions ['colcon_pkg']
[14.716s] Level 1:colcon.colcon_core.package_identification:_identify(.) by extension 'colcon_pkg'
[14.717s] Level 1:colcon.colcon_core.package_identification:_identify(.) by extensions ['colcon_meta']
[14.717s] Level 1:colcon.colcon_core.package_identification:_identify(.) by extension 'colcon_meta'
[14.717s] Level 1:colcon.colcon_core.package_identification:_identify(.) by extensions ['ros']
[14.718s] Level 1:colcon.colcon_core.package_identification:_identify(.) by extension 'ros'
[14.826s] Level 1:colcon.colcon_core.package_identification:_identify(.) by extensions ['cmake', 'python']
[14.826s] Level 1:colcon.colcon_core.package_identification:_identify(.) by extension 'cmake'
[14.826s] Level 1:colcon.colcon_core.package_identification:_identify(.) by extension 'python'
[14.827s] Level 1:colcon.colcon_core.package_identification:_identify(.) by extensions ['python_setup_py']
[14.827s] Level 1:colcon.colcon_core.package_identification:_identify(.) by extension 'python_setup_py'
[14.827s] Level 1:colcon.colcon_core.package_identification:_identify(build) by extensions ['ignore', 'ignore_ament_install']
[14.828s] Level 1:colcon.colcon_core.package_identification:_identify(build) by extension 'ignore'
[14.828s] Level 1:colcon.colcon_core.package_identification:_identify(build) ignored
[14.829s] Level 1:colcon.colcon_core.package_identification:_identify(challenge1) by extensions ['ignore', 'ignore_ament_install']
[14.830s] Level 1:colcon.colcon_core.package_identification:_identify(challenge1) by extension 'ignore'
[14.830s] Level 1:colcon.colcon_core.package_identification:_identify(challenge1) by extension 'ignore_ament_install'
[14.830s] Level 1:colcon.colcon_core.package_identification:_identify(challenge1) by extensions ['colcon_pkg']
[14.830s] Level 1:colcon.colcon_core.package_identification:_identify(challenge1) by extension 'colcon_pkg'
[14.831s] Level 1:colcon.colcon_core.package_identification:_identify(challenge1) by extensions ['colcon_meta']
[14.831s] Level 1:colcon.colcon_core.package_identification:_identify(challenge1) by extension 'colcon_meta'
[14.831s] Level 1:colcon.colcon_core.package_identification:_identify(challenge1) by extensions ['ros']
[14.832s] Level 1:colcon.colcon_core.package_identification:_identify(challenge1) by extension 'ros'
[14.857s] DEBUG:colcon.colcon_core.package_identification:Package 'challenge1' with type 'ros.ament_cmake' and name 'challenge1'
[14.857s] Level 1:colcon.colcon_core.package_identification:_identify(install) by extensions ['ignore', 'ignore_ament_install']
[14.858s] Level 1:colcon.colcon_core.package_identification:_identify(install) by extension 'ignore'
[14.858s] Level 1:colcon.colcon_core.package_identification:_identify(install) ignored
[14.859s] Level 1:colcon.colcon_core.package_identification:_identify(log) by extensions ['ignore', 'ignore_ament_install']
[14.859s] Level 1:colcon.colcon_core.package_identification:_identify(log) by extension 'ignore'
[14.860s] Level 1:colcon.colcon_core.package_identification:_identify(log) ignored
[14.861s] Level 1:colcon.colcon_core.package_identification:_identify(tutos) by extensions ['ignore', 'ignore_ament_install']
[14.863s] Level 1:colcon.colcon_core.package_identification:_identify(tutos) by extension 'ignore'
[14.864s] Level 1:colcon.colcon_core.package_identification:_identify(tutos) by extension 'ignore_ament_install'
[14.866s] Level 1:colcon.colcon_core.package_identification:_identify(tutos) by extensions ['colcon_pkg']
[14.867s] Level 1:colcon.colcon_core.package_identification:_identify(tutos) by extension 'colcon_pkg'
[14.868s] Level 1:colcon.colcon_core.package_identification:_identify(tutos) by extensions ['colcon_meta']
[14.869s] Level 1:colcon.colcon_core.package_identification:_identify(tutos) by extension 'colcon_meta'
[14.871s] Level 1:colcon.colcon_core.package_identification:_identify(tutos) by extensions ['ros']
[14.871s] Level 1:colcon.colcon_core.package_identification:_identify(tutos) by extension 'ros'
[14.875s] DEBUG:colcon.colcon_core.package_identification:Package 'tutos' with type 'ros.ament_cmake' and name 'tutos'
[14.875s] Level 1:colcon.colcon_core.package_discovery:discover_packages(recursive) using defaults
[14.875s] Level 1:colcon.colcon_core.package_discovery:discover_packages(ignore) discover
[14.876s] Level 1:colcon.colcon_core.package_discovery:discover_packages(ignore) using defaults
[14.876s] Level 1:colcon.colcon_core.package_discovery:discover_packages(path) discover
[14.876s] Level 1:colcon.colcon_core.package_discovery:discover_packages(path) using defaults
[16.098s] Level 1:colcon.colcon_core.package_discovery:discover_packages(prefix_path) check parameters
[16.099s] Level 1:colcon.colcon_core.package_discovery:discover_packages(prefix_path) discover
[16.453s] DEBUG:colcon.colcon_installed_package_information.package_discovery:Found 9 installed packages in /home/bot/mb6-space/install
[16.625s] DEBUG:colcon.colcon_installed_package_information.package_discovery:Found 378 installed packages in /opt/ros/iron
[16.645s] Level 1:colcon.colcon_core.package_discovery:discover_packages(prefix_path) using defaults
[17.848s] Level 5:colcon.colcon_core.verb:set package 'challenge1' build argument 'cmake_args' from command line to 'None'
[17.849s] Level 5:colcon.colcon_core.verb:set package 'challenge1' build argument 'cmake_target' from command line to 'None'
[17.849s] Level 5:colcon.colcon_core.verb:set package 'challenge1' build argument 'cmake_target_skip_unavailable' from command line to 'False'
[17.850s] Level 5:colcon.colcon_core.verb:set package 'challenge1' build argument 'cmake_clean_cache' from command line to 'False'
[17.851s] Level 5:colcon.colcon_core.verb:set package 'challenge1' build argument 'cmake_clean_first' from command line to 'False'
[17.851s] Level 5:colcon.colcon_core.verb:set package 'challenge1' build argument 'cmake_force_configure' from command line to 'False'
[17.852s] Level 5:colcon.colcon_core.verb:set package 'challenge1' build argument 'ament_cmake_args' from command line to 'None'
[17.852s] Level 5:colcon.colcon_core.verb:set package 'challenge1' build argument 'catkin_cmake_args' from command line to 'None'
[17.853s] Level 5:colcon.colcon_core.verb:set package 'challenge1' build argument 'catkin_skip_building_tests' from command line to 'False'
[17.853s] DEBUG:colcon.colcon_core.verb:Building package 'challenge1' with the following arguments: {'ament_cmake_args': None, 'build_base': '/home/bot/mb6-space/Robot1/build/challenge1', 'catkin_cmake_args': None, 'catkin_skip_building_tests': False, 'cmake_args': None, 'cmake_clean_cache': False, 'cmake_clean_first': False, 'cmake_force_configure': False, 'cmake_target': None, 'cmake_target_skip_unavailable': False, 'install_base': '/home/bot/mb6-space/Robot1/install/challenge1', 'merge_install': False, 'path': '/home/bot/mb6-space/Robot1/challenge1', 'symlink_install': False, 'test_result_base': None}
[18.094s] Level 5:colcon.colcon_core.verb:set package 'tutos' build argument 'cmake_args' from command line to 'None'
[18.094s] Level 5:colcon.colcon_core.verb:set package 'tutos' build argument 'cmake_target' from command line to 'None'
[18.095s] Level 5:colcon.colcon_core.verb:set package 'tutos' build argument 'cmake_target_skip_unavailable' from command line to 'False'
[18.095s] Level 5:colcon.colcon_core.verb:set package 'tutos' build argument 'cmake_clean_cache' from command line to 'False'
[18.095s] Level 5:colcon.colcon_core.verb:set package 'tutos' build argument 'cmake_clean_first' from command line to 'False'
[18.095s] Level 5:colcon.colcon_core.verb:set package 'tutos' build argument 'cmake_force_configure' from command line to 'False'
[18.095s] Level 5:colcon.colcon_core.verb:set package 'tutos' build argument 'ament_cmake_args' from command line to 'None'
[18.096s] Level 5:colcon.colcon_core.verb:set package 'tutos' build argument 'catkin_cmake_args' from command line to 'None'
[18.096s] Level 5:colcon.colcon_core.verb:set package 'tutos' build argument 'catkin_skip_building_tests' from command line to 'False'
[18.096s] DEBUG:colcon.colcon_core.verb:Building package 'tutos' with the following arguments: {'ament_cmake_args': None, 'build_base': '/home/bot/mb6-space/Robot1/build/tutos', 'catkin_cmake_args': None, 'catkin_skip_building_tests': False, 'cmake_args': None, 'cmake_clean_cache': False, 'cmake_clean_first': False, 'cmake_force_configure': False, 'cmake_target': None, 'cmake_target_skip_unavailable': False, 'install_base': '/home/bot/mb6-space/Robot1/install/tutos', 'merge_install': False, 'path': '/home/bot/mb6-space/Robot1/tutos', 'symlink_install': False, 'test_result_base': None}
[18.319s] INFO:colcon.colcon_core.executor:Executing jobs using 'parallel' executor
[18.527s] DEBUG:colcon.colcon_parallel_executor.executor.parallel:run_until_complete
[18.530s] INFO:colcon.colcon_ros.task.ament_cmake.build:Building ROS package in '/home/bot/mb6-space/Robot1/challenge1' with build type 'ament_cmake'
[18.532s] INFO:colcon.colcon_cmake.task.cmake.build:Building CMake package in '/home/bot/mb6-space/Robot1/challenge1'
[18.741s] INFO:colcon.colcon_core.plugin_system:Skipping extension 'colcon_core.shell.bat': Not used on non-Windows systems
[18.744s] INFO:colcon.colcon_core.shell:Skip shell extension 'powershell' for command environment: Not usable outside of PowerShell
[18.745s] DEBUG:colcon.colcon_core.shell:Skip shell extension 'dsv' for command environment
[19.585s] INFO:colcon.colcon_ros.task.ament_cmake.build:Building ROS package in '/home/bot/mb6-space/Robot1/tutos' with build type 'ament_cmake'
[19.585s] INFO:colcon.colcon_cmake.task.cmake.build:Building CMake package in '/home/bot/mb6-space/Robot1/tutos'
[19.885s] INFO:colcon.colcon_core.shell:Skip shell extension 'powershell' for command environment: Not usable outside of PowerShell
[19.887s] DEBUG:colcon.colcon_core.shell:Skip shell extension 'dsv' for command environment
[20.720s] DEBUG:colcon.colcon_core.event_handler.log_command:Invoking command in '/home/bot/mb6-space/Robot1/build/challenge1': CMAKE_PREFIX_PATH=${CMAKE_PREFIX_PATH}:/opt/ros/iron /usr/bin/cmake /home/bot/mb6-space/Robot1/challenge1 -DCMAKE_INSTALL_PREFIX=/home/bot/mb6-space/Robot1/install/challenge1
[20.801s] DEBUG:colcon.colcon_core.event_handler.log_command:Invoking command in '/home/bot/mb6-space/Robot1/build/tutos': CMAKE_PREFIX_PATH=${CMAKE_PREFIX_PATH}:/opt/ros/iron /usr/bin/cmake /home/bot/mb6-space/Robot1/tutos -DCMAKE_INSTALL_PREFIX=/home/bot/mb6-space/Robot1/install/tutos
[30.338s] DEBUG:colcon.colcon_core.event_handler.log_command:Invoked command in '/home/bot/mb6-space/Robot1/build/challenge1' returned '0': CMAKE_PREFIX_PATH=${CMAKE_PREFIX_PATH}:/opt/ros/iron /usr/bin/cmake /home/bot/mb6-space/Robot1/challenge1 -DCMAKE_INSTALL_PREFIX=/home/bot/mb6-space/Robot1/install/challenge1
[30.356s] DEBUG:colcon.colcon_core.event_handler.log_command:Invoking command in '/home/bot/mb6-space/Robot1/build/challenge1': CMAKE_PREFIX_PATH=${CMAKE_PREFIX_PATH}:/opt/ros/iron /usr/bin/cmake --build /home/bot/mb6-space/Robot1/build/challenge1 -- -j4 -l4
[30.371s] DEBUG:colcon.colcon_core.event_handler.log_command:Invoked command in '/home/bot/mb6-space/Robot1/build/tutos' returned '0': CMAKE_PREFIX_PATH=${CMAKE_PREFIX_PATH}:/opt/ros/iron /usr/bin/cmake /home/bot/mb6-space/Robot1/tutos -DCMAKE_INSTALL_PREFIX=/home/bot/mb6-space/Robot1/install/tutos
[30.409s] DEBUG:colcon.colcon_core.event_handler.log_command:Invoking command in '/home/bot/mb6-space/Robot1/build/tutos': CMAKE_PREFIX_PATH=${CMAKE_PREFIX_PATH}:/opt/ros/iron /usr/bin/cmake --build /home/bot/mb6-space/Robot1/build/tutos -- -j4 -l4
[30.672s] DEBUG:colcon.colcon_core.event_handler.log_command:Invoked command in '/home/bot/mb6-space/Robot1/build/challenge1' returned '0': CMAKE_PREFIX_PATH=${CMAKE_PREFIX_PATH}:/opt/ros/iron /usr/bin/cmake --build /home/bot/mb6-space/Robot1/build/challenge1 -- -j4 -l4
[30.841s] DEBUG:colcon.colcon_core.event_handler.log_command:Invoked command in '/home/bot/mb6-space/Robot1/build/tutos' returned '0': CMAKE_PREFIX_PATH=${CMAKE_PREFIX_PATH}:/opt/ros/iron /usr/bin/cmake --build /home/bot/mb6-space/Robot1/build/tutos -- -j4 -l4
[31.111s] DEBUG:colcon.colcon_core.event_handler.log_command:Invoking command in '/home/bot/mb6-space/Robot1/build/challenge1': CMAKE_PREFIX_PATH=${CMAKE_PREFIX_PATH}:/opt/ros/iron /usr/bin/cmake --install /home/bot/mb6-space/Robot1/build/challenge1
[31.232s] DEBUG:colcon.colcon_core.event_handler.log_command:Invoking command in '/home/bot/mb6-space/Robot1/build/tutos': CMAKE_PREFIX_PATH=${CMAKE_PREFIX_PATH}:/opt/ros/iron /usr/bin/cmake --install /home/bot/mb6-space/Robot1/build/tutos
[31.317s] Level 1:colcon.colcon_core.environment:create_environment_scripts_only(challenge1)
[31.351s] DEBUG:colcon.colcon_core.event_handler.log_command:Invoked command in '/home/bot/mb6-space/Robot1/build/challenge1' returned '0': CMAKE_PREFIX_PATH=${CMAKE_PREFIX_PATH}:/opt/ros/iron /usr/bin/cmake --install /home/bot/mb6-space/Robot1/build/challenge1
[31.532s] Level 1:colcon.colcon_core.environment:checking '/home/bot/mb6-space/Robot1/install/challenge1' for CMake module files
[31.536s] Level 1:colcon.colcon_core.environment:checking '/home/bot/mb6-space/Robot1/install/challenge1' for CMake config files
[31.538s] Level 1:colcon.colcon_core.shell:create_environment_hook('challenge1', 'cmake_prefix_path')
[31.729s] INFO:colcon.colcon_core.shell:Creating environment hook '/home/bot/mb6-space/Robot1/install/challenge1/share/challenge1/hook/cmake_prefix_path.ps1'
[31.734s] INFO:colcon.colcon_core.shell:Creating environment descriptor '/home/bot/mb6-space/Robot1/install/challenge1/share/challenge1/hook/cmake_prefix_path.dsv'
[31.737s] INFO:colcon.colcon_core.shell:Creating environment hook '/home/bot/mb6-space/Robot1/install/challenge1/share/challenge1/hook/cmake_prefix_path.sh'
[31.742s] Level 1:colcon.colcon_core.environment:checking '/home/bot/mb6-space/Robot1/install/challenge1/lib'
[31.743s] Level 1:colcon.colcon_core.environment:checking '/home/bot/mb6-space/Robot1/install/challenge1/bin'
[31.743s] Level 1:colcon.colcon_core.environment:checking '/home/bot/mb6-space/Robot1/install/challenge1/lib/pkgconfig/challenge1.pc'
[31.745s] Level 1:colcon.colcon_core.environment:checking '/home/bot/mb6-space/Robot1/install/challenge1/lib/python3.10/site-packages'
[31.747s] Level 1:colcon.colcon_core.environment:checking '/home/bot/mb6-space/Robot1/install/challenge1/bin'
[31.962s] INFO:colcon.colcon_core.shell:Creating package script '/home/bot/mb6-space/Robot1/install/challenge1/share/challenge1/package.ps1'
[31.970s] INFO:colcon.colcon_core.shell:Creating package descriptor '/home/bot/mb6-space/Robot1/install/challenge1/share/challenge1/package.dsv'
[31.979s] INFO:colcon.colcon_core.shell:Creating package script '/home/bot/mb6-space/Robot1/install/challenge1/share/challenge1/package.sh'
[31.996s] INFO:colcon.colcon_core.shell:Creating package script '/home/bot/mb6-space/Robot1/install/challenge1/share/challenge1/package.bash'
[32.000s] INFO:colcon.colcon_core.shell:Creating package script '/home/bot/mb6-space/Robot1/install/challenge1/share/challenge1/package.zsh'
[32.004s] Level 1:colcon.colcon_core.environment:create_file_with_runtime_dependencies(/home/bot/mb6-space/Robot1/install/challenge1/share/colcon-core/packages/challenge1)
[32.031s] Level 1:colcon.colcon_core.environment:create_environment_scripts_only(tutos)
[32.040s] DEBUG:colcon.colcon_core.event_handler.log_command:Invoked command in '/home/bot/mb6-space/Robot1/build/tutos' returned '0': CMAKE_PREFIX_PATH=${CMAKE_PREFIX_PATH}:/opt/ros/iron /usr/bin/cmake --install /home/bot/mb6-space/Robot1/build/tutos
[32.288s] Level 1:colcon.colcon_core.environment:checking '/home/bot/mb6-space/Robot1/install/tutos' for CMake module files
[32.291s] Level 1:colcon.colcon_core.environment:checking '/home/bot/mb6-space/Robot1/install/tutos' for CMake config files
[32.292s] Level 1:colcon.colcon_core.shell:create_environment_hook('tutos', 'cmake_prefix_path')
[32.546s] INFO:colcon.colcon_core.shell:Creating environment hook '/home/bot/mb6-space/Robot1/install/tutos/share/tutos/hook/cmake_prefix_path.ps1'
[32.554s] INFO:colcon.colcon_core.shell:Creating environment descriptor '/home/bot/mb6-space/Robot1/install/tutos/share/tutos/hook/cmake_prefix_path.dsv'
[32.556s] INFO:colcon.colcon_core.shell:Creating environment hook '/home/bot/mb6-space/Robot1/install/tutos/share/tutos/hook/cmake_prefix_path.sh'
[32.562s] Level 1:colcon.colcon_core.environment:checking '/home/bot/mb6-space/Robot1/install/tutos/bin'
[32.564s] Level 1:colcon.colcon_core.environment:checking '/home/bot/mb6-space/Robot1/install/tutos/lib/pkgconfig/tutos.pc'
[32.571s] Level 1:colcon.colcon_core.environment:checking '/home/bot/mb6-space/Robot1/install/tutos/lib/python3.10/site-packages'
[32.573s] Level 1:colcon.colcon_core.environment:checking '/home/bot/mb6-space/Robot1/install/tutos/bin'
[32.872s] INFO:colcon.colcon_core.shell:Creating package script '/home/bot/mb6-space/Robot1/install/tutos/share/tutos/package.ps1'
[32.874s] INFO:colcon.colcon_core.shell:Creating package descriptor '/home/bot/mb6-space/Robot1/install/tutos/share/tutos/package.dsv'
[32.876s] INFO:colcon.colcon_core.shell:Creating package script '/home/bot/mb6-space/Robot1/install/tutos/share/tutos/package.sh'
[32.883s] INFO:colcon.colcon_core.shell:Creating package script '/home/bot/mb6-space/Robot1/install/tutos/share/tutos/package.bash'
[32.886s] INFO:colcon.colcon_core.shell:Creating package script '/home/bot/mb6-space/Robot1/install/tutos/share/tutos/package.zsh'
[32.891s] Level 1:colcon.colcon_core.environment:create_file_with_runtime_dependencies(/home/bot/mb6-space/Robot1/install/tutos/share/colcon-core/packages/tutos)
[33.125s] Level 1:colcon.colcon_core.environment:create_environment_scripts_only(challenge1)
[33.614s] Level 1:colcon.colcon_core.environment:checking '/home/bot/mb6-space/Robot1/install/challenge1' for CMake module files
[33.618s] Level 1:colcon.colcon_core.environment:checking '/home/bot/mb6-space/Robot1/install/challenge1' for CMake config files
[33.624s] Level 1:colcon.colcon_core.shell:create_environment_hook('challenge1', 'cmake_prefix_path')
[33.873s] INFO:colcon.colcon_core.shell:Creating environment hook '/home/bot/mb6-space/Robot1/install/challenge1/share/challenge1/hook/cmake_prefix_path.ps1'
[33.876s] INFO:colcon.colcon_core.shell:Creating environment descriptor '/home/bot/mb6-space/Robot1/install/challenge1/share/challenge1/hook/cmake_prefix_path.dsv'
[33.880s] INFO:colcon.colcon_core.shell:Creating environment hook '/home/bot/mb6-space/Robot1/install/challenge1/share/challenge1/hook/cmake_prefix_path.sh'
[33.890s] Level 1:colcon.colcon_core.environment:checking '/home/bot/mb6-space/Robot1/install/challenge1/lib'
[33.891s] Level 1:colcon.colcon_core.environment:checking '/home/bot/mb6-space/Robot1/install/challenge1/bin'
[33.891s] Level 1:colcon.colcon_core.environment:checking '/home/bot/mb6-space/Robot1/install/challenge1/lib/pkgconfig/challenge1.pc'
[33.893s] Level 1:colcon.colcon_core.environment:checking '/home/bot/mb6-space/Robot1/install/challenge1/lib/python3.10/site-packages'
[33.895s] Level 1:colcon.colcon_core.environment:checking '/home/bot/mb6-space/Robot1/install/challenge1/bin'
[34.230s] INFO:colcon.colcon_core.shell:Creating package script '/home/bot/mb6-space/Robot1/install/challenge1/share/challenge1/package.ps1'
[34.239s] INFO:colcon.colcon_core.shell:Creating package descriptor '/home/bot/mb6-space/Robot1/install/challenge1/share/challenge1/package.dsv'
[34.247s] INFO:colcon.colcon_core.shell:Creating package script '/home/bot/mb6-space/Robot1/install/challenge1/share/challenge1/package.sh'
[34.250s] INFO:colcon.colcon_core.shell:Creating package script '/home/bot/mb6-space/Robot1/install/challenge1/share/challenge1/package.bash'
[34.253s] INFO:colcon.colcon_core.shell:Creating package script '/home/bot/mb6-space/Robot1/install/challenge1/share/challenge1/package.zsh'
[34.261s] Level 1:colcon.colcon_core.environment:create_file_with_runtime_dependencies(/home/bot/mb6-space/Robot1/install/challenge1/share/colcon-core/packages/challenge1)
[34.544s] Level 1:colcon.colcon_core.environment:create_environment_scripts_only(tutos)
[34.815s] Level 1:colcon.colcon_core.environment:checking '/home/bot/mb6-space/Robot1/install/tutos' for CMake module files
[34.819s] Level 1:colcon.colcon_core.environment:checking '/home/bot/mb6-space/Robot1/install/tutos' for CMake config files
[34.821s] Level 1:colcon.colcon_core.shell:create_environment_hook('tutos', 'cmake_prefix_path')
[35.094s] INFO:colcon.colcon_core.shell:Creating environment hook '/home/bot/mb6-space/Robot1/install/tutos/share/tutos/hook/cmake_prefix_path.ps1'
[35.098s] INFO:colcon.colcon_core.shell:Creating environment descriptor '/home/bot/mb6-space/Robot1/install/tutos/share/tutos/hook/cmake_prefix_path.dsv'
[35.104s] INFO:colcon.colcon_core.shell:Creating environment hook '/home/bot/mb6-space/Robot1/install/tutos/share/tutos/hook/cmake_prefix_path.sh'
[35.112s] Level 1:colcon.colcon_core.environment:checking '/home/bot/mb6-space/Robot1/install/tutos/bin'
[35.112s] Level 1:colcon.colcon_core.environment:checking '/home/bot/mb6-space/Robot1/install/tutos/lib/pkgconfig/tutos.pc'
[35.114s] Level 1:colcon.colcon_core.environment:checking '/home/bot/mb6-space/Robot1/install/tutos/lib/python3.10/site-packages'
[35.116s] Level 1:colcon.colcon_core.environment:checking '/home/bot/mb6-space/Robot1/install/tutos/bin'
[35.351s] INFO:colcon.colcon_core.shell:Creating package script '/home/bot/mb6-space/Robot1/install/tutos/share/tutos/package.ps1'
[35.359s] INFO:colcon.colcon_core.shell:Creating package descriptor '/home/bot/mb6-space/Robot1/install/tutos/share/tutos/package.dsv'
[35.364s] INFO:colcon.colcon_core.shell:Creating package script '/home/bot/mb6-space/Robot1/install/tutos/share/tutos/package.sh'
[35.367s] INFO:colcon.colcon_core.shell:Creating package script '/home/bot/mb6-space/Robot1/install/tutos/share/tutos/package.bash'
[35.369s] INFO:colcon.colcon_core.shell:Creating package script '/home/bot/mb6-space/Robot1/install/tutos/share/tutos/package.zsh'
[35.372s] Level 1:colcon.colcon_core.environment:create_file_with_runtime_dependencies(/home/bot/mb6-space/Robot1/install/tutos/share/colcon-core/packages/tutos)
[35.373s] DEBUG:colcon.colcon_parallel_executor.executor.parallel:closing loop
[35.378s] DEBUG:colcon.colcon_parallel_executor.executor.parallel:loop closed
[35.379s] DEBUG:colcon.colcon_parallel_executor.executor.parallel:run_until_complete finished with '0'
[35.380s] DEBUG:colcon.colcon_core.event_reactor:joining thread
[35.654s] INFO:colcon.colcon_core.plugin_system:Skipping extension 'colcon_notification.desktop_notification.terminal_notifier': Not used on non-Darwin systems
[35.655s] INFO:colcon.colcon_core.plugin_system:Skipping extension 'colcon_notification.desktop_notification.win32': Not used on non-Windows systems
[35.655s] INFO:colcon.colcon_notification.desktop_notification:Sending desktop notification using 'notify2'
[35.784s] DEBUG:colcon.colcon_core.event_reactor:joined thread
[36.073s] INFO:colcon.colcon_core.shell:Creating prefix script '/home/bot/mb6-space/Robot1/install/local_setup.ps1'
[36.087s] INFO:colcon.colcon_core.shell:Creating prefix util module '/home/bot/mb6-space/Robot1/install/_local_setup_util_ps1.py'
[36.099s] INFO:colcon.colcon_core.shell:Creating prefix chain script '/home/bot/mb6-space/Robot1/install/setup.ps1'
[36.367s] INFO:colcon.colcon_core.shell:Creating prefix script '/home/bot/mb6-space/Robot1/install/local_setup.sh'
[36.377s] INFO:colcon.colcon_core.shell:Creating prefix util module '/home/bot/mb6-space/Robot1/install/_local_setup_util_sh.py'
[36.382s] INFO:colcon.colcon_core.shell:Creating prefix chain script '/home/bot/mb6-space/Robot1/install/setup.sh'
[36.666s] INFO:colcon.colcon_core.shell:Creating prefix script '/home/bot/mb6-space/Robot1/install/local_setup.bash'
[36.692s] INFO:colcon.colcon_core.shell:Creating prefix chain script '/home/bot/mb6-space/Robot1/install/setup.bash'
[37.012s] INFO:colcon.colcon_core.shell:Creating prefix script '/home/bot/mb6-space/Robot1/install/local_setup.zsh'
[37.021s] INFO:colcon.colcon_core.shell:Creating prefix chain script '/home/bot/mb6-space/Robot1/install/setup.zsh'
